<?xml version="1.0" encoding="UTF-8"?>
<testng-results skipped="0" failed="0" ignored="0" total="1" passed="1">
  <reporter-output>
  </reporter-output>
  <suite name="Default suite" duration-ms="187" started-at="2019-08-08T06:01:15Z" finished-at="2019-08-08T06:01:15Z">
    <groups>
    </groups>
    <test name="Default test" duration-ms="187" started-at="2019-08-08T06:01:15Z" finished-at="2019-08-08T06:01:15Z">
      <class name="TestNgAPi.Excel.Json">
        <test-method status="PASS" signature="Json()[pri:0, instance:TestNgAPi.Excel.Json@675d3402]" name="Json" duration-ms="171" started-at="2019-08-08T06:01:15Z" finished-at="2019-08-08T06:01:15Z">
          <reporter-output>
          </reporter-output>
        </test-method> <!-- Json -->
      </class> <!-- TestNgAPi.Excel.Json -->
    </test> <!-- Default test -->
  </suite> <!-- Default suite -->
</testng-results>
